wisedrive-obd2-sdk-android/sdk/build/intermediates/manifest_merge_blame_file/release/manifest-merger-blame-release-report.txt
1<?xml version="1.0" encoding="utf-8"?>
2<manifest xmlns:android="http://schemas.android.com/apk/res/android"
3    package="com.wisedrive.obd2" >
4
5    <uses-sdk android:minSdkVersion="21" />
6
7    <!-- Bluetooth permissions for Android 11 and below -->
8    <uses-permission
8-->src/main/AndroidManifest.xml:5:5-95
9        android:name="android.permission.BLUETOOTH"
9-->src/main/AndroidManifest.xml:5:22-65
10        android:maxSdkVersion="30" />
10-->src/main/AndroidManifest.xml:5:66-92
11    <uses-permission
11-->src/main/AndroidManifest.xml:6:5-101
12        android:name="android.permission.BLUETOOTH_ADMIN"
12-->src/main/AndroidManifest.xml:6:22-71
13        android:maxSdkVersion="30" />
13-->src/main/AndroidManifest.xml:6:72-98
14
15    <!-- Bluetooth permissions for Android 12+ -->
16    <uses-permission android:name="android.permission.BLUETOOTH_SCAN" />
16-->src/main/AndroidManifest.xml:9:5-73
16-->src/main/AndroidManifest.xml:9:22-70
17    <uses-permission android:name="android.permission.BLUETOOTH_CONNECT" />
17-->src/main/AndroidManifest.xml:10:5-76
17-->src/main/AndroidManifest.xml:10:22-73
18
19    <!-- Location permissions (required for Bluetooth scanning) -->
20    <uses-permission android:name="android.permission.ACCESS_FINE_LOCATION" />
20-->src/main/AndroidManifest.xml:13:5-79
20-->src/main/AndroidManifest.xml:13:22-76
21    <uses-permission android:name="android.permission.ACCESS_COARSE_LOCATION" />
21-->src/main/AndroidManifest.xml:14:5-81
21-->src/main/AndroidManifest.xml:14:22-78
22
23    <!-- Internet for API communication -->
24    <uses-permission android:name="android.permission.INTERNET" />
24-->src/main/AndroidManifest.xml:17:5-67
24-->src/main/AndroidManifest.xml:17:22-64
25    <uses-permission android:name="android.permission.ACCESS_NETWORK_STATE" />
25-->src/main/AndroidManifest.xml:18:5-79
25-->src/main/AndroidManifest.xml:18:22-76
26
27    <!-- Bluetooth feature declarations -->
28    <uses-feature
28-->src/main/AndroidManifest.xml:21:5-87
29        android:name="android.hardware.bluetooth"
29-->src/main/AndroidManifest.xml:21:19-60
30        android:required="true" />
30-->src/main/AndroidManifest.xml:21:61-84
31    <uses-feature
31-->src/main/AndroidManifest.xml:22:5-91
32        android:name="android.hardware.bluetooth_le"
32-->src/main/AndroidManifest.xml:22:19-63
33        android:required="false" />
33-->src/main/AndroidManifest.xml:22:64-88
34
35    <application android:networkSecurityConfig="@xml/network_security_config" >
35-->src/main/AndroidManifest.xml:24:5-27:19
35-->src/main/AndroidManifest.xml:25:9-69
36
37        <!-- SDK library - no activities -->
38    </application>
39
40</manifest>